<?xml version="1.0" encoding="UTF-8"?>
<!-- Generated by org.testng.reporters.JUnitReportReporter -->
<testsuite hostname="RATNAKAR-LAPTOP" name="com.NemoRx.TestScripts.TestScript_01" tests="2" failures="0" timestamp="30 Apr 2019 09:53:07 GMT" time="39.869" errors="0">
  <testcase name="LoginAndLogout" time="19.558" classname="com.NemoRx.TestScripts.TestScript_01"/>
  <testcase name="LoginAndLogout" time="20.311" classname="com.NemoRx.TestScripts.TestScript_01"/>
</testsuite> <!-- com.NemoRx.TestScripts.TestScript_01 -->
