<?xml version="1.0" encoding="UTF-8"?>
<!-- Generated by org.testng.reporters.JUnitReportReporter -->
<testsuite hostname="RATNAKAR-LAPTOP" name="com.NemoRx.TestScripts.TestScript_01" tests="2" failures="0" timestamp="29 Apr 2019 09:24:11 GMT" time="68.458" errors="0">
  <testcase name="LoginAndLogout" time="48.122" classname="com.NemoRx.TestScripts.TestScript_01"/>
  <testcase name="LoginAndLogout" time="20.336" classname="com.NemoRx.TestScripts.TestScript_01"/>
</testsuite> <!-- com.NemoRx.TestScripts.TestScript_01 -->
