<?xml version="1.0" encoding="UTF-8"?>
<!-- Generated by org.testng.reporters.JUnitReportReporter -->
<testsuite hostname="RATNAKAR-LAPTOP" name="com.NemoRx.TestScripts.TestScripts_07" tests="1" failures="0" timestamp="8 May 2019 05:44:04 GMT" time="35.553" errors="0">
  <testcase name="AlertWindowVerification" time="35.553" classname="com.NemoRx.TestScripts.TestScripts_07"/>
</testsuite> <!-- com.NemoRx.TestScripts.TestScripts_07 -->
