<?xml version="1.0" encoding="UTF-8"?>
<!-- Generated by org.testng.reporters.JUnitReportReporter -->
<testsuite hostname="RATNAKAR-LAPTOP" name="com.NemoRx.TestScripts.TestScript_04" tests="1" failures="0" timestamp="30 Apr 2019 12:35:08 GMT" time="24.878" errors="0">
  <testcase name="SearchPatientAddMedication" time="24.878" classname="com.NemoRx.TestScripts.TestScript_04"/>
</testsuite> <!-- com.NemoRx.TestScripts.TestScript_04 -->
