<?xml version="1.0" encoding="UTF-8"?>
<!-- Generated by org.testng.reporters.JUnitReportReporter -->
<testsuite hostname="RATNAKAR-LAPTOP" name="com.NemoRx.TestScripts.TestScript_08" tests="2" failures="0" timestamp="8 May 2019 05:44:04 GMT" time="76.141" errors="0">
  <testcase name="AllergiesButtonsVerificationOnPatientChart" time="38.272" classname="com.NemoRx.TestScripts.TestScript_08"/>
  <testcase name="MedicationsButtonsVerificationOnPatientChart" time="37.869" classname="com.NemoRx.TestScripts.TestScript_08"/>
</testsuite> <!-- com.NemoRx.TestScripts.TestScript_08 -->
