<?xml version="1.0" encoding="UTF-8"?>
<!-- Generated by org.testng.reporters.JUnitReportReporter -->
<testsuite hostname="RATNAKAR-LAPTOP" name="com.NemoRx.TestScripts.TestScript_02" tests="3" failures="0" timestamp="29 Apr 2019 15:41:23 GMT" time="85.206" errors="0">
  <testcase name="AddingWorkHour_deletingWorkHour" time="28.388" classname="com.NemoRx.TestScripts.TestScript_02"/>
  <testcase name="AddingWorkHour_deletingWorkHour" time="28.817" classname="com.NemoRx.TestScripts.TestScript_02"/>
  <testcase name="AddingWorkHour_deletingWorkHour" time="28.001" classname="com.NemoRx.TestScripts.TestScript_02"/>
</testsuite> <!-- com.NemoRx.TestScripts.TestScript_02 -->
