<?xml version="1.0" encoding="UTF-8"?>
<!-- Generated by org.testng.reporters.JUnitReportReporter -->
<testsuite hostname="RATNAKAR-LAPTOP" name="com.NemoRx.TestScripts.TestScript_06" tests="1" failures="0" timestamp="3 May 2019 16:20:55 GMT" time="68.054" errors="0">
  <testcase name="AddPatientAndMedication" time="68.054" classname="com.NemoRx.TestScripts.TestScript_06"/>
</testsuite> <!-- com.NemoRx.TestScripts.TestScript_06 -->
