<?xml version="1.0" encoding="UTF-8"?>
<!-- Generated by org.testng.reporters.JUnitReportReporter -->
<testsuite hostname="LAPTOP-STUAA0G7" name="com.NemoRx.TestScripts.TestScripts_07" tests="1" failures="0" timestamp="7 May 2019 17:09:50 GMT" time="37.048" errors="0">
  <testcase name="AlertWindowVerification" time="37.048" classname="com.NemoRx.TestScripts.TestScripts_07"/>
</testsuite> <!-- com.NemoRx.TestScripts.TestScripts_07 -->
