<?xml version="1.0" encoding="UTF-8"?>
<!-- Generated by org.testng.reporters.JUnitReportReporter -->
<testsuite hostname="RATNAKAR-LAPTOP" name="com.NemoRx.TestScripts.TestScript_08" tests="2" failures="0" timestamp="7 May 2019 15:52:36 GMT" time="77.437" errors="0">
  <testcase name="AllergiesButtonsVerificationOnPatientChart" time="39.939" classname="com.NemoRx.TestScripts.TestScript_08"/>
  <testcase name="MedicationsButtonsVerificationOnPatientChart" time="37.498" classname="com.NemoRx.TestScripts.TestScript_08"/>
</testsuite> <!-- com.NemoRx.TestScripts.TestScript_08 -->
