<?xml version="1.0" encoding="UTF-8"?>
<!-- Generated by org.testng.reporters.JUnitReportReporter -->
<testsuite hostname="RATNAKAR-LAPTOP" name="com.NemoRx.TestScripts.TestScript_02" tests="3" failures="0" timestamp="29 Apr 2019 09:39:02 GMT" time="86.634" errors="0">
  <testcase name="AddingWorkHour_deletingWorkHour" time="27.949" classname="com.NemoRx.TestScripts.TestScript_02"/>
  <testcase name="AddingWorkHour_deletingWorkHour" time="28.120" classname="com.NemoRx.TestScripts.TestScript_02"/>
  <testcase name="AddingWorkHour_deletingWorkHour" time="30.565" classname="com.NemoRx.TestScripts.TestScript_02"/>
</testsuite> <!-- com.NemoRx.TestScripts.TestScript_02 -->
