<?xml version="1.0" encoding="UTF-8"?>
<!-- Generated by org.testng.reporters.JUnitReportReporter -->
<testsuite hostname="RATNAKAR-LAPTOP" name="com.NemoRx.TestScripts.TestScript_03" tests="3" failures="0" timestamp="30 Apr 2019 12:35:08 GMT" time="127.634" errors="0">
  <testcase name="VerifyingLinksFromSideMenu" time="43.277" classname="com.NemoRx.TestScripts.TestScript_03"/>
  <testcase name="VerifyingLinksFromSideMenu" time="41.946" classname="com.NemoRx.TestScripts.TestScript_03"/>
  <testcase name="VerifyingLinksFromSideMenu" time="42.411" classname="com.NemoRx.TestScripts.TestScript_03"/>
</testsuite> <!-- com.NemoRx.TestScripts.TestScript_03 -->
