<?xml version="1.0" encoding="UTF-8"?>
<!-- Generated by org.testng.reporters.JUnitReportReporter -->
<testsuite hostname="RATNAKAR-LAPTOP" name="com.NemoRx.TestScripts.TestScript_06" tests="1" failures="0" timestamp="8 May 2019 05:44:04 GMT" time="70.801" errors="0">
  <testcase name="AddPatientAndMedication" time="70.801" classname="com.NemoRx.TestScripts.TestScript_06"/>
</testsuite> <!-- com.NemoRx.TestScripts.TestScript_06 -->
