<?xml version="1.0" encoding="UTF-8"?>
<!-- Generated by org.testng.reporters.JUnitReportReporter -->
<testsuite hostname="RATNAKAR-LAPTOP" name="com.NemoRx.TestScripts.TestScripts_07" tests="1" failures="0" timestamp="6 May 2019 15:31:05 GMT" time="39.526" errors="0">
  <testcase name="AlertWindowVerification" time="39.526" classname="com.NemoRx.TestScripts.TestScripts_07"/>
</testsuite> <!-- com.NemoRx.TestScripts.TestScripts_07 -->
