<?xml version="1.0" encoding="UTF-8"?>
<!-- Generated by org.testng.reporters.JUnitReportReporter -->
<testsuite hostname="RATNAKAR-LAPTOP" name="com.NemoRx.TestScripts.TestScripts_07" tests="1" failures="0" timestamp="6 May 2019 12:42:54 GMT" time="41.513" errors="0">
  <testcase name="Alert" time="41.513" classname="com.NemoRx.TestScripts.TestScripts_07"/>
</testsuite> <!-- com.NemoRx.TestScripts.TestScripts_07 -->
