<?xml version="1.0" encoding="UTF-8"?>
<!-- Generated by org.testng.reporters.JUnitReportReporter -->
<testsuite hostname="RATNAKAR-LAPTOP" name="com.NemoRx.TestScripts.TestScript_01" tests="2" failures="0" timestamp="30 Apr 2019 12:35:08 GMT" time="39.682" errors="0">
  <testcase name="LoginAndLogout" time="19.485" classname="com.NemoRx.TestScripts.TestScript_01"/>
  <testcase name="LoginAndLogout" time="20.197" classname="com.NemoRx.TestScripts.TestScript_01"/>
</testsuite> <!-- com.NemoRx.TestScripts.TestScript_01 -->
