<?xml version="1.0" encoding="UTF-8"?>
<!-- Generated by org.testng.reporters.JUnitReportReporter -->
<testsuite hostname="RATNAKAR-LAPTOP" name="com.NemoRx.TestScripts.TestScript_05" tests="2" failures="0" timestamp="30 Apr 2019 12:35:08 GMT" time="156.290" errors="0">
  <testcase name="RxPrintSettingsValidation" time="78.471" classname="com.NemoRx.TestScripts.TestScript_05"/>
  <testcase name="RxPrintSettingsValidation" time="77.819" classname="com.NemoRx.TestScripts.TestScript_05"/>
</testsuite> <!-- com.NemoRx.TestScripts.TestScript_05 -->
