<?xml version="1.0" encoding="UTF-8"?>
<!-- Generated by org.testng.reporters.JUnitReportReporter -->
<testsuite hostname="RATNAKAR-LAPTOP" name="com.NemoRx.TestScripts.TestScript_01" tests="2" failures="0" timestamp="29 Apr 2019 16:01:52 GMT" time="40.754" errors="0">
  <testcase name="log" time="21.349" classname="com.NemoRx.TestScripts.TestScript_01"/>
  <testcase name="log" time="19.405" classname="com.NemoRx.TestScripts.TestScript_01"/>
</testsuite> <!-- com.NemoRx.TestScripts.TestScript_01 -->
