<?xml version="1.0" encoding="UTF-8"?>
<!-- Generated by org.testng.reporters.JUnitReportReporter -->
<testsuite hostname="RATNAKAR-LAPTOP" name="com.NemoRx.TestScripts.TestScript_02" tests="3" failures="0" timestamp="30 Apr 2019 12:35:08 GMT" time="84.746" errors="0">
  <testcase name="AddingWorkHour_deletingWorkHour" time="28.867" classname="com.NemoRx.TestScripts.TestScript_02"/>
  <testcase name="AddingWorkHour_deletingWorkHour" time="28.098" classname="com.NemoRx.TestScripts.TestScript_02"/>
  <testcase name="AddingWorkHour_deletingWorkHour" time="27.781" classname="com.NemoRx.TestScripts.TestScript_02"/>
</testsuite> <!-- com.NemoRx.TestScripts.TestScript_02 -->
