<?xml version="1.0" encoding="UTF-8"?>
<!-- Generated by org.testng.reporters.JUnitReportReporter -->
<testsuite hostname="RATNAKAR-LAPTOP" name="com.NemoRx.TestScripts.TestScript_06" tests="1" failures="0" timestamp="7 May 2019 09:09:51 GMT" time="77.793" errors="0">
  <testcase name="AddPatientAndMedication" time="77.793" classname="com.NemoRx.TestScripts.TestScript_06"/>
</testsuite> <!-- com.NemoRx.TestScripts.TestScript_06 -->
