<?xml version="1.0" encoding="UTF-8"?>
<!-- Generated by org.testng.reporters.JUnitReportReporter -->
<testsuite hostname="RATNAKAR-LAPTOP" name="com.NemoRx.TestScripts.TestScript_02" tests="3" failures="0" timestamp="29 Apr 2019 16:53:26 GMT" time="84.833" errors="0">
  <testcase name="AddingWorkHour_deletingWorkHour" time="29.060" classname="com.NemoRx.TestScripts.TestScript_02"/>
  <testcase name="AddingWorkHour_deletingWorkHour" time="28.025" classname="com.NemoRx.TestScripts.TestScript_02"/>
  <testcase name="AddingWorkHour_deletingWorkHour" time="27.748" classname="com.NemoRx.TestScripts.TestScript_02"/>
</testsuite> <!-- com.NemoRx.TestScripts.TestScript_02 -->
