<?xml version="1.0" encoding="UTF-8"?>
<!-- Generated by org.testng.reporters.JUnitReportReporter -->
<testsuite hostname="RATNAKAR-LAPTOP" name="com.NemoRx.TestScripts.TestScript_04" tests="1" failures="0" timestamp="8 May 2019 05:44:04 GMT" time="45.133" errors="0">
  <testcase name="SearchPatientAddMedication" time="45.133" classname="com.NemoRx.TestScripts.TestScript_04"/>
</testsuite> <!-- com.NemoRx.TestScripts.TestScript_04 -->
