<?xml version="1.0" encoding="UTF-8"?>
<!-- Generated by org.testng.reporters.JUnitReportReporter -->
<testsuite hostname="RATNAKAR-LAPTOP" name="com.NemoRx.TestScripts.TestScript_01" tests="2" failures="0" timestamp="29 Apr 2019 16:53:26 GMT" time="40.283" errors="0">
  <testcase name="log" time="19.582" classname="com.NemoRx.TestScripts.TestScript_01"/>
  <testcase name="log" time="20.701" classname="com.NemoRx.TestScripts.TestScript_01"/>
</testsuite> <!-- com.NemoRx.TestScripts.TestScript_01 -->
