<?xml version="1.0" encoding="UTF-8"?>
<!-- Generated by org.testng.reporters.JUnitReportReporter -->
<testsuite hostname="RATNAKAR-LAPTOP" name="com.NemoRx.TestScripts.TestScript_03" tests="3" failures="0" timestamp="30 Apr 2019 05:19:08 GMT" time="134.412" errors="0">
  <testcase name="VerifyingLinksFromSideMenu" time="44.439" classname="com.NemoRx.TestScripts.TestScript_03"/>
  <testcase name="VerifyingLinksFromSideMenu" time="46.594" classname="com.NemoRx.TestScripts.TestScript_03"/>
  <testcase name="VerifyingLinksFromSideMenu" time="43.379" classname="com.NemoRx.TestScripts.TestScript_03"/>
</testsuite> <!-- com.NemoRx.TestScripts.TestScript_03 -->
