<?xml version="1.0" encoding="UTF-8"?>
<!-- Generated by org.testng.reporters.JUnitReportReporter -->
<testsuite hostname="RATNAKAR-LAPTOP" name="com.NemoRx.TestScripts.TestScript_03" tests="2" failures="0" timestamp="29 Apr 2019 11:16:18 GMT" time="84.960" errors="0">
  <testcase name="Log" time="42.236" classname="com.NemoRx.TestScripts.TestScript_03"/>
  <testcase name="Log" time="42.724" classname="com.NemoRx.TestScripts.TestScript_03"/>
</testsuite> <!-- com.NemoRx.TestScripts.TestScript_03 -->
