<?xml version="1.0" encoding="UTF-8"?>
<!-- Generated by org.testng.reporters.JUnitReportReporter -->
<testsuite hostname="LAPTOP-STUAA0G7" name="com.NemoRx.TestScripts.TestScript_08" tests="2" failures="0" timestamp="7 May 2019 17:09:50 GMT" time="62.727" errors="0">
  <testcase name="MedicationsButtonsVerificationOnPatientChart" time="31.490" classname="com.NemoRx.TestScripts.TestScript_08"/>
  <testcase name="AllergiesButtonsVerificationOnPatientChart" time="31.237" classname="com.NemoRx.TestScripts.TestScript_08"/>
</testsuite> <!-- com.NemoRx.TestScripts.TestScript_08 -->
