<?xml version="1.0" encoding="UTF-8"?>
<!-- Generated by org.testng.reporters.JUnitReportReporter -->
<testsuite hostname="RATNAKAR-LAPTOP" name="com.NemoRx.TestScripts.TestScript_01" tests="2" failures="0" timestamp="30 Apr 2019 05:19:08 GMT" time="80.367" errors="0">
  <testcase name="loginAndLogout" time="19.838" classname="com.NemoRx.TestScripts.TestScript_01"/>
  <testcase name="loginAndLogout" time="60.529" classname="com.NemoRx.TestScripts.TestScript_01"/>
</testsuite> <!-- com.NemoRx.TestScripts.TestScript_01 -->
