<?xml version="1.0" encoding="UTF-8"?>
<!-- Generated by org.testng.reporters.JUnitReportReporter -->
<testsuite hostname="RATNAKAR-LAPTOP" name="com.NemoRx.TestScripts.TestScript_03" tests="3" failures="0" timestamp="29 Apr 2019 15:56:06 GMT" time="127.697" errors="0">
  <testcase name="VerifyingLinksFromSideMenu" time="42.321" classname="com.NemoRx.TestScripts.TestScript_03"/>
  <testcase name="VerifyingLinksFromSideMenu" time="43.215" classname="com.NemoRx.TestScripts.TestScript_03"/>
  <testcase name="VerifyingLinksFromSideMenu" time="42.161" classname="com.NemoRx.TestScripts.TestScript_03"/>
</testsuite> <!-- com.NemoRx.TestScripts.TestScript_03 -->
