<?xml version="1.0" encoding="UTF-8"?>
<!-- Generated by org.testng.reporters.JUnitReportReporter -->
<testsuite hostname="RATNAKAR-LAPTOP" name="com.NemoRx.TestScripts.TestScript_04" tests="1" failures="0" timestamp="7 May 2019 09:29:21 GMT" time="34.815" errors="0">
  <testcase name="SearchPatientAddMedication" time="34.815" classname="com.NemoRx.TestScripts.TestScript_04"/>
</testsuite> <!-- com.NemoRx.TestScripts.TestScript_04 -->
